This is pdfTeX, Version 3.14159265-2.6-1.40.19 (TeX Live 2018/W32TeX) (preloaded format=pdflatex 2018.10.1)  30 NOV 2019 22:36
entering extended mode
 restricted \write18 enabled.
 %&-line parsing enabled.
**tussentijdsVerslagTeamElisaReport.tex
(./tussentijdsVerslagTeamElisaReport.tex
LaTeX2e <2018-04-01> patch level 5
(c:/texlive/texmf-local/tex/latex/local/kulak/kulakreport.cls
Document Class: kulakreport 2016/10/17 Report class for KU Leuven
(c:/texlive/2018/texmf-dist/tex/latex/base/report.cls
Document Class: report 2014/09/29 v1.4h Standard LaTeX document class
(c:/texlive/2018/texmf-dist/tex/latex/base/size10.clo
File: size10.clo 2014/09/29 v1.4h Standard LaTeX file (size option)
)
\c@part=\count80
\c@chapter=\count81
\c@section=\count82
\c@subsection=\count83
\c@subsubsection=\count84
\c@paragraph=\count85
\c@subparagraph=\count86
\c@figure=\count87
\c@table=\count88
\abovecaptionskip=\skip41
\belowcaptionskip=\skip42
\bibindent=\dimen102
)
(c:/texlive/2018/texmf-dist/tex/latex/hyperref/hyperref.sty
Package: hyperref 2018/09/30 v6.88a Hypertext links for LaTeX

(c:/texlive/2018/texmf-dist/tex/generic/oberdiek/hobsub-hyperref.sty
Package: hobsub-hyperref 2016/05/16 v1.14 Bundle oberdiek, subset hyperref (HO)


(c:/texlive/2018/texmf-dist/tex/generic/oberdiek/hobsub-generic.sty
Package: hobsub-generic 2016/05/16 v1.14 Bundle oberdiek, subset generic (HO)
Package: hobsub 2016/05/16 v1.14 Construct package bundles (HO)
Package: infwarerr 2016/05/16 v1.4 Providing info/warning/error messages (HO)
Package: ltxcmds 2016/05/16 v1.23 LaTeX kernel commands for general use (HO)
Package: ifluatex 2016/05/16 v1.4 Provides the ifluatex switch (HO)
Package ifluatex Info: LuaTeX not detected.
Package: ifvtex 2016/05/16 v1.6 Detect VTeX and its facilities (HO)
Package ifvtex Info: VTeX not detected.
Package: intcalc 2016/05/16 v1.2 Expandable calculations with integers (HO)
Package: ifpdf 2018/09/07 v3.3 Provides the ifpdf switch
Package: etexcmds 2016/05/16 v1.6 Avoid name clashes with e-TeX commands (HO)
Package etexcmds Info: Could not find \expanded.
(etexcmds)             That can mean that you are not using pdfTeX 1.50 or
(etexcmds)             that some package has redefined \expanded.
(etexcmds)             In the latter case, load this package earlier.
Package: kvsetkeys 2016/05/16 v1.17 Key value parser (HO)
Package: kvdefinekeys 2016/05/16 v1.4 Define keys (HO)
Package: pdftexcmds 2018/09/10 v0.29 Utility functions of pdfTeX for LuaTeX (HO
)
Package pdftexcmds Info: LuaTeX not detected.
Package pdftexcmds Info: \pdf@primitive is available.
Package pdftexcmds Info: \pdf@ifprimitive is available.
Package pdftexcmds Info: \pdfdraftmode found.
Package: pdfescape 2016/05/16 v1.14 Implements pdfTeX's escape features (HO)
Package: bigintcalc 2016/05/16 v1.4 Expandable calculations on big integers (HO
)
Package: bitset 2016/05/16 v1.2 Handle bit-vector datatype (HO)
Package: uniquecounter 2016/05/16 v1.3 Provide unlimited unique counter (HO)
)
Package hobsub Info: Skipping package `hobsub' (already loaded).
Package: letltxmacro 2016/05/16 v1.5 Let assignment for LaTeX macros (HO)
Package: hopatch 2016/05/16 v1.3 Wrapper for package hooks (HO)
Package: xcolor-patch 2016/05/16 xcolor patch
Package: atveryend 2016/05/16 v1.9 Hooks at the very end of document (HO)
Package atveryend Info: \enddocument detected (standard20110627).
Package: atbegshi 2016/06/09 v1.18 At begin shipout hook (HO)
Package: refcount 2016/05/16 v3.5 Data extraction from label references (HO)
Package: hycolor 2016/05/16 v1.8 Color options for hyperref/bookmark (HO)
)
(c:/texlive/2018/texmf-dist/tex/latex/graphics/keyval.sty
Package: keyval 2014/10/28 v1.15 key=value parser (DPC)
\KV@toks@=\toks14
)
(c:/texlive/2018/texmf-dist/tex/generic/ifxetex/ifxetex.sty
Package: ifxetex 2010/09/12 v0.6 Provides ifxetex conditional
)
(c:/texlive/2018/texmf-dist/tex/latex/oberdiek/auxhook.sty
Package: auxhook 2016/05/16 v1.4 Hooks for auxiliary files (HO)
)
(c:/texlive/2018/texmf-dist/tex/latex/oberdiek/kvoptions.sty
Package: kvoptions 2016/05/16 v3.12 Key value format for package options (HO)
)
\@linkdim=\dimen103
\Hy@linkcounter=\count89
\Hy@pagecounter=\count90

(c:/texlive/2018/texmf-dist/tex/latex/hyperref/pd1enc.def
File: pd1enc.def 2018/09/30 v6.88a Hyperref: PDFDocEncoding definition (HO)
Now handling font encoding PD1 ...
... no UTF-8 mapping file for font encoding PD1
)
\Hy@SavedSpaceFactor=\count91

(c:/texlive/2018/texmf-dist/tex/latex/latexconfig/hyperref.cfg
File: hyperref.cfg 2002/06/06 v1.2 hyperref configuration of TeXLive
)
Package hyperref Info: Hyper figures OFF on input line 4535.
Package hyperref Info: Link nesting OFF on input line 4540.
Package hyperref Info: Hyper index ON on input line 4543.
Package hyperref Info: Plain pages OFF on input line 4550.
Package hyperref Info: Backreferencing OFF on input line 4555.
Package hyperref Info: Implicit mode ON; LaTeX internals redefined.
Package hyperref Info: Bookmarks ON on input line 4788.
\c@Hy@tempcnt=\count92

(c:/texlive/2018/texmf-dist/tex/latex/url/url.sty
\Urlmuskip=\muskip10
Package: url 2013/09/16  ver 3.4  Verb mode for urls, etc.
)
LaTeX Info: Redefining \url on input line 5141.
\XeTeXLinkMargin=\dimen104
\Fld@menulength=\count93
\Field@Width=\dimen105
\Fld@charsize=\dimen106
Package hyperref Info: Hyper figures OFF on input line 6396.
Package hyperref Info: Link nesting OFF on input line 6401.
Package hyperref Info: Hyper index ON on input line 6404.
Package hyperref Info: backreferencing OFF on input line 6411.
Package hyperref Info: Link coloring OFF on input line 6416.
Package hyperref Info: Link coloring with OCG OFF on input line 6421.
Package hyperref Info: PDF/A mode OFF on input line 6426.
LaTeX Info: Redefining \ref on input line 6466.
LaTeX Info: Redefining \pageref on input line 6470.
\Hy@abspage=\count94
\c@Item=\count95
\c@Hfootnote=\count96
)
Package hyperref Info: Driver (autodetected): hpdftex.

(c:/texlive/2018/texmf-dist/tex/latex/hyperref/hpdftex.def
File: hpdftex.def 2018/09/30 v6.88a Hyperref driver for pdfTeX
\Fld@listcount=\count97
\c@bookmark@seq@number=\count98

(c:/texlive/2018/texmf-dist/tex/latex/oberdiek/rerunfilecheck.sty
Package: rerunfilecheck 2016/05/16 v1.8 Rerun checks for auxiliary files (HO)
Package uniquecounter Info: New unique counter `rerunfilecheck' on input line 2
82.
)
\Hy@SectionHShift=\skip43
)
(c:/texlive/2018/texmf-dist/tex/latex/titling/titling.sty
Package: titling 2009/09/04 v2.1d maketitle typesetting
\thanksmarkwidth=\skip44
\thanksmargin=\skip45
\droptitle=\skip46
)
(c:/texlive/2018/texmf-dist/tex/latex/tools/multicol.sty
Package: multicol 2018/04/20 v1.8s multicolumn formatting (FMi)
\c@tracingmulticols=\count99
\mult@box=\box26
\multicol@leftmargin=\dimen107
\c@unbalance=\count100
\c@collectmore=\count101
\doublecol@number=\count102
\multicoltolerance=\count103
\multicolpretolerance=\count104
\full@width=\dimen108
\page@free=\dimen109
\premulticols=\dimen110
\postmulticols=\dimen111
\multicolsep=\skip47
\multicolbaselineskip=\skip48
\partial@page=\box27
\last@line=\box28
\maxbalancingoverflow=\dimen112
\mult@rightbox=\box29
\mult@grightbox=\box30
\mult@gfirstbox=\box31
\mult@firstbox=\box32
\@tempa=\box33
\@tempa=\box34
\@tempa=\box35
\@tempa=\box36
\@tempa=\box37
\@tempa=\box38
\@tempa=\box39
\@tempa=\box40
\@tempa=\box41
\@tempa=\box42
\@tempa=\box43
\@tempa=\box44
\@tempa=\box45
\@tempa=\box46
\@tempa=\box47
\@tempa=\box48
\@tempa=\box49
\c@columnbadness=\count105
\c@finalcolumnbadness=\count106
\last@try=\dimen113
\multicolovershoot=\dimen114
\multicolundershoot=\dimen115
\mult@nat@firstbox=\box50
\colbreak@box=\box51
\mc@col@check@num=\count107
)
(c:/texlive/2018/texmf-dist/tex/latex/graphics/graphicx.sty
Package: graphicx 2017/06/01 v1.1a Enhanced LaTeX Graphics (DPC,SPQR)

(c:/texlive/2018/texmf-dist/tex/latex/graphics/graphics.sty
Package: graphics 2017/06/25 v1.2c Standard LaTeX Graphics (DPC,SPQR)

(c:/texlive/2018/texmf-dist/tex/latex/graphics/trig.sty
Package: trig 2016/01/03 v1.10 sin cos tan (DPC)
)
(c:/texlive/2018/texmf-dist/tex/latex/graphics-cfg/graphics.cfg
File: graphics.cfg 2016/06/04 v1.11 sample graphics configuration
)
Package graphics Info: Driver file: pdftex.def on input line 99.

(c:/texlive/2018/texmf-dist/tex/latex/graphics-def/pdftex.def
File: pdftex.def 2018/01/08 v1.0l Graphics/color driver for pdftex
))
\Gin@req@height=\dimen116
\Gin@req@width=\dimen117
)
(c:/texlive/2018/texmf-dist/tex/latex/xcolor/xcolor.sty
Package: xcolor 2016/05/11 v2.12 LaTeX color extensions (UK)

(c:/texlive/2018/texmf-dist/tex/latex/graphics-cfg/color.cfg
File: color.cfg 2016/01/02 v1.6 sample color configuration
)
Package xcolor Info: Driver file: pdftex.def on input line 225.
Package xcolor Info: Model `cmy' substituted by `cmy0' on input line 1348.
Package xcolor Info: Model `hsb' substituted by `rgb' on input line 1352.
Package xcolor Info: Model `RGB' extended on input line 1364.
Package xcolor Info: Model `HTML' substituted by `rgb' on input line 1366.
Package xcolor Info: Model `Hsb' substituted by `hsb' on input line 1367.
Package xcolor Info: Model `tHsb' substituted by `hsb' on input line 1368.
Package xcolor Info: Model `HSB' substituted by `hsb' on input line 1369.
Package xcolor Info: Model `Gray' substituted by `gray' on input line 1370.
Package xcolor Info: Model `wave' substituted by `hsb' on input line 1371.
)
(c:/texlive/2018/texmf-dist/tex/latex/pgf/frontendlayer/tikz.sty
(c:/texlive/2018/texmf-dist/tex/latex/pgf/basiclayer/pgf.sty
(c:/texlive/2018/texmf-dist/tex/latex/pgf/utilities/pgfrcs.sty
(c:/texlive/2018/texmf-dist/tex/generic/pgf/utilities/pgfutil-common.tex
\pgfutil@everybye=\toks15
\pgfutil@tempdima=\dimen118
\pgfutil@tempdimb=\dimen119

(c:/texlive/2018/texmf-dist/tex/generic/pgf/utilities/pgfutil-common-lists.tex)
) (c:/texlive/2018/texmf-dist/tex/generic/pgf/utilities/pgfutil-latex.def
\pgfutil@abb=\box52

(c:/texlive/2018/texmf-dist/tex/latex/ms/everyshi.sty
Package: everyshi 2001/05/15 v3.00 EveryShipout Package (MS)
))
(c:/texlive/2018/texmf-dist/tex/generic/pgf/utilities/pgfrcs.code.tex
Package: pgfrcs 2015/08/07 v3.0.1a (rcs-revision 1.31)
))
Package: pgf 2015/08/07 v3.0.1a (rcs-revision 1.15)

(c:/texlive/2018/texmf-dist/tex/latex/pgf/basiclayer/pgfcore.sty
(c:/texlive/2018/texmf-dist/tex/latex/pgf/systemlayer/pgfsys.sty
(c:/texlive/2018/texmf-dist/tex/generic/pgf/systemlayer/pgfsys.code.tex
Package: pgfsys 2014/07/09 v3.0.1a (rcs-revision 1.48)

(c:/texlive/2018/texmf-dist/tex/generic/pgf/utilities/pgfkeys.code.tex
\pgfkeys@pathtoks=\toks16
\pgfkeys@temptoks=\toks17

(c:/texlive/2018/texmf-dist/tex/generic/pgf/utilities/pgfkeysfiltered.code.tex
\pgfkeys@tmptoks=\toks18
))
\pgf@x=\dimen120
\pgf@y=\dimen121
\pgf@xa=\dimen122
\pgf@ya=\dimen123
\pgf@xb=\dimen124
\pgf@yb=\dimen125
\pgf@xc=\dimen126
\pgf@yc=\dimen127
\w@pgf@writea=\write3
\r@pgf@reada=\read1
\c@pgf@counta=\count108
\c@pgf@countb=\count109
\c@pgf@countc=\count110
\c@pgf@countd=\count111
\t@pgf@toka=\toks19
\t@pgf@tokb=\toks20
\t@pgf@tokc=\toks21
 (c:/texlive/2018/texmf-dist/tex/generic/pgf/systemlayer/pgf.cfg
File: pgf.cfg 2008/05/14  (rcs-revision 1.7)
)
Driver file for pgf: pgfsys-pdftex.def

(c:/texlive/2018/texmf-dist/tex/generic/pgf/systemlayer/pgfsys-pdftex.def
File: pgfsys-pdftex.def 2014/10/11  (rcs-revision 1.35)

(c:/texlive/2018/texmf-dist/tex/generic/pgf/systemlayer/pgfsys-common-pdf.def
File: pgfsys-common-pdf.def 2013/10/10  (rcs-revision 1.13)
)))
(c:/texlive/2018/texmf-dist/tex/generic/pgf/systemlayer/pgfsyssoftpath.code.tex
File: pgfsyssoftpath.code.tex 2013/09/09  (rcs-revision 1.9)
\pgfsyssoftpath@smallbuffer@items=\count112
\pgfsyssoftpath@bigbuffer@items=\count113
)
(c:/texlive/2018/texmf-dist/tex/generic/pgf/systemlayer/pgfsysprotocol.code.tex
File: pgfsysprotocol.code.tex 2006/10/16  (rcs-revision 1.4)
)) (c:/texlive/2018/texmf-dist/tex/generic/pgf/basiclayer/pgfcore.code.tex
Package: pgfcore 2010/04/11 v3.0.1a (rcs-revision 1.7)

(c:/texlive/2018/texmf-dist/tex/generic/pgf/math/pgfmath.code.tex
(c:/texlive/2018/texmf-dist/tex/generic/pgf/math/pgfmathcalc.code.tex
(c:/texlive/2018/texmf-dist/tex/generic/pgf/math/pgfmathutil.code.tex)
(c:/texlive/2018/texmf-dist/tex/generic/pgf/math/pgfmathparser.code.tex
\pgfmath@dimen=\dimen128
\pgfmath@count=\count114
\pgfmath@box=\box53
\pgfmath@toks=\toks22
\pgfmath@stack@operand=\toks23
\pgfmath@stack@operation=\toks24
)
(c:/texlive/2018/texmf-dist/tex/generic/pgf/math/pgfmathfunctions.code.tex
(c:/texlive/2018/texmf-dist/tex/generic/pgf/math/pgfmathfunctions.basic.code.te
x)
(c:/texlive/2018/texmf-dist/tex/generic/pgf/math/pgfmathfunctions.trigonometric
.code.tex)
(c:/texlive/2018/texmf-dist/tex/generic/pgf/math/pgfmathfunctions.random.code.t
ex)
(c:/texlive/2018/texmf-dist/tex/generic/pgf/math/pgfmathfunctions.comparison.co
de.tex)
(c:/texlive/2018/texmf-dist/tex/generic/pgf/math/pgfmathfunctions.base.code.tex
)
(c:/texlive/2018/texmf-dist/tex/generic/pgf/math/pgfmathfunctions.round.code.te
x)
(c:/texlive/2018/texmf-dist/tex/generic/pgf/math/pgfmathfunctions.misc.code.tex
)
(c:/texlive/2018/texmf-dist/tex/generic/pgf/math/pgfmathfunctions.integerarithm
etics.code.tex)))
(c:/texlive/2018/texmf-dist/tex/generic/pgf/math/pgfmathfloat.code.tex
\c@pgfmathroundto@lastzeros=\count115
))
(c:/texlive/2018/texmf-dist/tex/generic/pgf/basiclayer/pgfcorepoints.code.tex
File: pgfcorepoints.code.tex 2013/10/07  (rcs-revision 1.27)
\pgf@picminx=\dimen129
\pgf@picmaxx=\dimen130
\pgf@picminy=\dimen131
\pgf@picmaxy=\dimen132
\pgf@pathminx=\dimen133
\pgf@pathmaxx=\dimen134
\pgf@pathminy=\dimen135
\pgf@pathmaxy=\dimen136
\pgf@xx=\dimen137
\pgf@xy=\dimen138
\pgf@yx=\dimen139
\pgf@yy=\dimen140
\pgf@zx=\dimen141
\pgf@zy=\dimen142
)
(c:/texlive/2018/texmf-dist/tex/generic/pgf/basiclayer/pgfcorepathconstruct.cod
e.tex
File: pgfcorepathconstruct.code.tex 2013/10/07  (rcs-revision 1.29)
\pgf@path@lastx=\dimen143
\pgf@path@lasty=\dimen144
)
(c:/texlive/2018/texmf-dist/tex/generic/pgf/basiclayer/pgfcorepathusage.code.te
x
File: pgfcorepathusage.code.tex 2014/11/02  (rcs-revision 1.24)
\pgf@shorten@end@additional=\dimen145
\pgf@shorten@start@additional=\dimen146
)
(c:/texlive/2018/texmf-dist/tex/generic/pgf/basiclayer/pgfcorescopes.code.tex
File: pgfcorescopes.code.tex 2015/05/08  (rcs-revision 1.46)
\pgfpic=\box54
\pgf@hbox=\box55
\pgf@layerbox@main=\box56
\pgf@picture@serial@count=\count116
)
(c:/texlive/2018/texmf-dist/tex/generic/pgf/basiclayer/pgfcoregraphicstate.code
.tex
File: pgfcoregraphicstate.code.tex 2014/11/02  (rcs-revision 1.12)
\pgflinewidth=\dimen147
)
(c:/texlive/2018/texmf-dist/tex/generic/pgf/basiclayer/pgfcoretransformations.c
ode.tex
File: pgfcoretransformations.code.tex 2015/08/07  (rcs-revision 1.20)
\pgf@pt@x=\dimen148
\pgf@pt@y=\dimen149
\pgf@pt@temp=\dimen150
)
(c:/texlive/2018/texmf-dist/tex/generic/pgf/basiclayer/pgfcorequick.code.tex
File: pgfcorequick.code.tex 2008/10/09  (rcs-revision 1.3)
)
(c:/texlive/2018/texmf-dist/tex/generic/pgf/basiclayer/pgfcoreobjects.code.tex
File: pgfcoreobjects.code.tex 2006/10/11  (rcs-revision 1.2)
)
(c:/texlive/2018/texmf-dist/tex/generic/pgf/basiclayer/pgfcorepathprocessing.co
de.tex
File: pgfcorepathprocessing.code.tex 2013/09/09  (rcs-revision 1.9)
)
(c:/texlive/2018/texmf-dist/tex/generic/pgf/basiclayer/pgfcorearrows.code.tex
File: pgfcorearrows.code.tex 2015/05/14  (rcs-revision 1.43)
\pgfarrowsep=\dimen151
)
(c:/texlive/2018/texmf-dist/tex/generic/pgf/basiclayer/pgfcoreshade.code.tex
File: pgfcoreshade.code.tex 2013/07/15  (rcs-revision 1.15)
\pgf@max=\dimen152
\pgf@sys@shading@range@num=\count117
)
(c:/texlive/2018/texmf-dist/tex/generic/pgf/basiclayer/pgfcoreimage.code.tex
File: pgfcoreimage.code.tex 2013/07/15  (rcs-revision 1.18)

(c:/texlive/2018/texmf-dist/tex/generic/pgf/basiclayer/pgfcoreexternal.code.tex
File: pgfcoreexternal.code.tex 2014/07/09  (rcs-revision 1.21)
\pgfexternal@startupbox=\box57
))
(c:/texlive/2018/texmf-dist/tex/generic/pgf/basiclayer/pgfcorelayers.code.tex
File: pgfcorelayers.code.tex 2013/07/18  (rcs-revision 1.7)
)
(c:/texlive/2018/texmf-dist/tex/generic/pgf/basiclayer/pgfcoretransparency.code
.tex
File: pgfcoretransparency.code.tex 2013/09/30  (rcs-revision 1.5)
)
(c:/texlive/2018/texmf-dist/tex/generic/pgf/basiclayer/pgfcorepatterns.code.tex
File: pgfcorepatterns.code.tex 2013/11/07  (rcs-revision 1.5)
)))
(c:/texlive/2018/texmf-dist/tex/generic/pgf/modules/pgfmoduleshapes.code.tex
File: pgfmoduleshapes.code.tex 2014/03/21  (rcs-revision 1.35)
\pgfnodeparttextbox=\box58
)
(c:/texlive/2018/texmf-dist/tex/generic/pgf/modules/pgfmoduleplot.code.tex
File: pgfmoduleplot.code.tex 2015/08/03  (rcs-revision 1.13)
)
(c:/texlive/2018/texmf-dist/tex/latex/pgf/compatibility/pgfcomp-version-0-65.st
y
Package: pgfcomp-version-0-65 2007/07/03 v3.0.1a (rcs-revision 1.7)
\pgf@nodesepstart=\dimen153
\pgf@nodesepend=\dimen154
)
(c:/texlive/2018/texmf-dist/tex/latex/pgf/compatibility/pgfcomp-version-1-18.st
y
Package: pgfcomp-version-1-18 2007/07/23 v3.0.1a (rcs-revision 1.1)
)) (c:/texlive/2018/texmf-dist/tex/latex/pgf/utilities/pgffor.sty
(c:/texlive/2018/texmf-dist/tex/latex/pgf/utilities/pgfkeys.sty
(c:/texlive/2018/texmf-dist/tex/generic/pgf/utilities/pgfkeys.code.tex))
(c:/texlive/2018/texmf-dist/tex/latex/pgf/math/pgfmath.sty
(c:/texlive/2018/texmf-dist/tex/generic/pgf/math/pgfmath.code.tex))
(c:/texlive/2018/texmf-dist/tex/generic/pgf/utilities/pgffor.code.tex
Package: pgffor 2013/12/13 v3.0.1a (rcs-revision 1.25)

(c:/texlive/2018/texmf-dist/tex/generic/pgf/math/pgfmath.code.tex)
\pgffor@iter=\dimen155
\pgffor@skip=\dimen156
\pgffor@stack=\toks25
\pgffor@toks=\toks26
))
(c:/texlive/2018/texmf-dist/tex/generic/pgf/frontendlayer/tikz/tikz.code.tex
Package: tikz 2015/08/07 v3.0.1a (rcs-revision 1.151)

(c:/texlive/2018/texmf-dist/tex/generic/pgf/libraries/pgflibraryplothandlers.co
de.tex
File: pgflibraryplothandlers.code.tex 2013/08/31 v3.0.1a (rcs-revision 1.20)
\pgf@plot@mark@count=\count118
\pgfplotmarksize=\dimen157
)
\tikz@lastx=\dimen158
\tikz@lasty=\dimen159
\tikz@lastxsaved=\dimen160
\tikz@lastysaved=\dimen161
\tikzleveldistance=\dimen162
\tikzsiblingdistance=\dimen163
\tikz@figbox=\box59
\tikz@figbox@bg=\box60
\tikz@tempbox=\box61
\tikz@tempbox@bg=\box62
\tikztreelevel=\count119
\tikznumberofchildren=\count120
\tikznumberofcurrentchild=\count121
\tikz@fig@count=\count122

(c:/texlive/2018/texmf-dist/tex/generic/pgf/modules/pgfmodulematrix.code.tex
File: pgfmodulematrix.code.tex 2013/09/17  (rcs-revision 1.8)
\pgfmatrixcurrentrow=\count123
\pgfmatrixcurrentcolumn=\count124
\pgf@matrix@numberofcolumns=\count125
)
\tikz@expandcount=\count126

(c:/texlive/2018/texmf-dist/tex/generic/pgf/frontendlayer/tikz/libraries/tikzli
brarytopaths.code.tex
File: tikzlibrarytopaths.code.tex 2008/06/17 v3.0.1a (rcs-revision 1.2)
)))
(c:/texlive/2018/texmf-dist/tex/generic/pgf/frontendlayer/tikz/libraries/tikzli
braryarrows.code.tex
File: tikzlibraryarrows.code.tex 2008/01/09 v3.0.1a (rcs-revision 1.1)

(c:/texlive/2018/texmf-dist/tex/generic/pgf/libraries/pgflibraryarrows.code.tex
File: pgflibraryarrows.code.tex 2013/09/23 v3.0.1a (rcs-revision 1.16)
\arrowsize=\dimen164
))
(c:/texlive/2018/texmf-dist/tex/generic/pgf/frontendlayer/tikz/libraries/tikzli
brarydecorations.pathmorphing.code.tex
(c:/texlive/2018/texmf-dist/tex/generic/pgf/frontendlayer/tikz/libraries/tikzli
brarydecorations.code.tex
(c:/texlive/2018/texmf-dist/tex/generic/pgf/modules/pgfmoduledecorations.code.t
ex
\pgfdecoratedcompleteddistance=\dimen165
\pgfdecoratedremainingdistance=\dimen166
\pgfdecoratedinputsegmentcompleteddistance=\dimen167
\pgfdecoratedinputsegmentremainingdistance=\dimen168
\pgf@decorate@distancetomove=\dimen169
\pgf@decorate@repeatstate=\count127
\pgfdecorationsegmentamplitude=\dimen170
\pgfdecorationsegmentlength=\dimen171
)
\tikz@lib@dec@box=\box63
)
(c:/texlive/2018/texmf-dist/tex/generic/pgf/libraries/decorations/pgflibrarydec
orations.pathmorphing.code.tex))
(c:/texlive/2018/texmf-dist/tex/generic/pgf/frontendlayer/tikz/libraries/tikzli
brarybackgrounds.code.tex
File: tikzlibrarybackgrounds.code.tex 2013/07/18 v3.0.1a (rcs-revision 1.3)
\pgf@layerbox@background=\box64
\pgf@layerboxsaved@background=\box65
)
(c:/texlive/2018/texmf-dist/tex/generic/pgf/frontendlayer/tikz/libraries/tikzli
braryfit.code.tex
File: tikzlibraryfit.code.tex 2013/07/12 v3.0.1a (rcs-revision 1.5)
)
(c:/texlive/2018/texmf-dist/tex/generic/pgf/frontendlayer/tikz/libraries/tikzli
brarypositioning.code.tex
File: tikzlibrarypositioning.code.tex 2008/10/06 v3.0.1a (rcs-revision 1.7)
)
(c:/texlive/2018/texmf-dist/tex/latex/tools/tabularx.sty
Package: tabularx 2016/02/03 v2.11b `tabularx' package (DPC)

(c:/texlive/2018/texmf-dist/tex/latex/tools/array.sty
Package: array 2018/04/30 v2.4h Tabular extension package (FMi)
\col@sep=\dimen172
\ar@mcellbox=\box66
\extrarowheight=\dimen173
\NC@list=\toks27
\extratabsurround=\skip49
\backup@length=\skip50
\ar@cellbox=\box67
)
\TX@col@width=\dimen174
\TX@old@table=\dimen175
\TX@old@col=\dimen176
\TX@target=\dimen177
\TX@delta=\dimen178
\TX@cols=\count128
\TX@ftn=\toks28
)
(c:/texlive/2018/texmf-dist/tex/latex/fancyhdr/fancyhdr.sty
Package: fancyhdr 2017/06/30 v3.9a Extensive control of page headers and footer
s
\f@nch@headwidth=\skip51
\f@nch@O@elh=\skip52
\f@nch@O@erh=\skip53
\f@nch@O@olh=\skip54
\f@nch@O@orh=\skip55
\f@nch@O@elf=\skip56
\f@nch@O@erf=\skip57
\f@nch@O@olf=\skip58
\f@nch@O@orf=\skip59
))
(c:/texlive/2018/texmf-dist/tex/latex/base/inputenc.sty
Package: inputenc 2018/04/06 v1.3b Input encoding file
\inpenc@prehook=\toks29
\inpenc@posthook=\toks30
)
(c:/texlive/2018/texmf-dist/tex/generic/babel/babel.sty
Package: babel 2018/09/26 3.24 The Babel package

(c:/texlive/2018/texmf-dist/tex/generic/babel/switch.def
File: switch.def 2018/09/26 3.24 Babel switching mechanism
)
(c:/texlive/2018/texmf-dist/tex/generic/babel-dutch/dutch.ldf
Language: dutch 2005/03/30 v3.8i Dutch support from the babel system

(c:/texlive/2018/texmf-dist/tex/generic/babel/babel.def
File: babel.def 2018/09/26 3.24 Babel common definitions
\babel@savecnt=\count129
\U@D=\dimen179

(c:/texlive/2018/texmf-dist/tex/generic/babel/txtbabel.def)
\bbl@dirlevel=\count130
)
Package babel Info: Making " an active character on input line 132.
))
(c:/texlive/2018/texmf-dist/tex/latex/eurosym/eurosym.sty
Package: eurosym 1998/08/06 v1.1 European currency symbol ``Euro''
\@eurobox=\box68
)
(c:/texlive/2018/texmf-dist/tex/latex/siunitx/siunitx.sty
(c:/texlive/2018/texmf-dist/tex/latex/l3kernel/expl3.sty
Package: expl3 2018-09-24 L3 programming layer (loader) 

(c:/texlive/2018/texmf-dist/tex/latex/l3kernel/expl3-code.tex
Package: expl3 2018-09-24 L3 programming layer (code)
\c_max_int=\count131
\l_tmpa_int=\count132
\l_tmpb_int=\count133
\g_tmpa_int=\count134
\g_tmpb_int=\count135
\g__kernel_prg_map_int=\count136
\c_log_iow=\count137
\l_iow_line_count_int=\count138
\l__iow_line_target_int=\count139
\l__iow_one_indent_int=\count140
\l__iow_indent_int=\count141
\c_zero_dim=\dimen180
\c_max_dim=\dimen181
\l_tmpa_dim=\dimen182
\l_tmpb_dim=\dimen183
\g_tmpa_dim=\dimen184
\g_tmpb_dim=\dimen185
\c_zero_skip=\skip60
\c_max_skip=\skip61
\l_tmpa_skip=\skip62
\l_tmpb_skip=\skip63
\g_tmpa_skip=\skip64
\g_tmpb_skip=\skip65
\c_zero_muskip=\muskip11
\c_max_muskip=\muskip12
\l_tmpa_muskip=\muskip13
\l_tmpb_muskip=\muskip14
\g_tmpa_muskip=\muskip15
\g_tmpb_muskip=\muskip16
\l_keys_choice_int=\count142
\l__intarray_loop_int=\count143
\c__intarray_sp_dim=\dimen186
\g__intarray_font_int=\count144
\c__fp_leading_shift_int=\count145
\c__fp_middle_shift_int=\count146
\c__fp_trailing_shift_int=\count147
\c__fp_big_leading_shift_int=\count148
\c__fp_big_middle_shift_int=\count149
\c__fp_big_trailing_shift_int=\count150
\c__fp_Bigg_leading_shift_int=\count151
\c__fp_Bigg_middle_shift_int=\count152
\c__fp_Bigg_trailing_shift_int=\count153
\c__kernel_randint_max_int=\count154
\g__fp_array_int=\count155
\l__fp_array_loop_int=\count156
\l__sort_length_int=\count157
\l__sort_min_int=\count158
\l__sort_top_int=\count159
\l__sort_max_int=\count160
\l__sort_true_max_int=\count161
\l__sort_block_int=\count162
\l__sort_begin_int=\count163
\l__sort_end_int=\count164
\l__sort_A_int=\count165
\l__sort_B_int=\count166
\l__sort_C_int=\count167
\l__tl_analysis_normal_int=\count168
\l__tl_analysis_index_int=\count169
\l__tl_analysis_nesting_int=\count170
\l__tl_analysis_type_int=\count171
\l__regex_internal_a_int=\count172
\l__regex_internal_b_int=\count173
\l__regex_internal_c_int=\count174
\l__regex_balance_int=\count175
\l__regex_group_level_int=\count176
\l__regex_mode_int=\count177
\c__regex_cs_in_class_mode_int=\count178
\c__regex_cs_mode_int=\count179
\l__regex_catcodes_int=\count180
\l__regex_default_catcodes_int=\count181
\c__regex_catcode_D_int=\count182
\c__regex_catcode_S_int=\count183
\c__regex_catcode_L_int=\count184
\c__regex_catcode_O_int=\count185
\c__regex_catcode_A_int=\count186
\c__regex_all_catcodes_int=\count187
\l__regex_show_lines_int=\count188
\l__regex_min_state_int=\count189
\l__regex_max_state_int=\count190
\l__regex_left_state_int=\count191
\l__regex_right_state_int=\count192
\l__regex_capturing_group_int=\count193
\l__regex_min_pos_int=\count194
\l__regex_max_pos_int=\count195
\l__regex_curr_pos_int=\count196
\l__regex_start_pos_int=\count197
\l__regex_success_pos_int=\count198
\l__regex_curr_char_int=\count199
\l__regex_curr_catcode_int=\count266
\l__regex_last_char_int=\count267
\l__regex_case_changed_char_int=\count268
\l__regex_curr_state_int=\count269
\l__regex_step_int=\count270
\l__regex_min_active_int=\count271
\l__regex_max_active_int=\count272
\l__regex_replacement_csnames_int=\count273
\l__regex_match_count_int=\count274
\l__regex_min_submatch_int=\count275
\l__regex_submatch_int=\count276
\l__regex_zeroth_submatch_int=\count277
\g__regex_trace_regex_int=\count278
\c_empty_box=\box69
\l_tmpa_box=\box70
\l_tmpb_box=\box71
\g_tmpa_box=\box72
\g_tmpb_box=\box73
\l__box_top_dim=\dimen187
\l__box_bottom_dim=\dimen188
\l__box_left_dim=\dimen189
\l__box_right_dim=\dimen190
\l__box_top_new_dim=\dimen191
\l__box_bottom_new_dim=\dimen192
\l__box_left_new_dim=\dimen193
\l__box_right_new_dim=\dimen194
\l__box_internal_box=\box74
\l__coffin_internal_box=\box75
\l__coffin_internal_dim=\dimen195
\l__coffin_offset_x_dim=\dimen196
\l__coffin_offset_y_dim=\dimen197
\l__coffin_x_dim=\dimen198
\l__coffin_y_dim=\dimen199
\l__coffin_x_prime_dim=\dimen256
\l__coffin_y_prime_dim=\dimen257
\c_empty_coffin=\box76
\l__coffin_aligned_coffin=\box77
\l__coffin_aligned_internal_coffin=\box78
\l_tmpa_coffin=\box79
\l_tmpb_coffin=\box80
\l__coffin_display_coffin=\box81
\l__coffin_display_coord_coffin=\box82
\l__coffin_display_pole_coffin=\box83
\l__coffin_display_offset_dim=\dimen258
\l__coffin_display_x_dim=\dimen259
\l__coffin_display_y_dim=\dimen260
\g__file_internal_ior=\read2
\l__coffin_bounding_shift_dim=\dimen261
\l__coffin_left_corner_dim=\dimen262
\l__coffin_right_corner_dim=\dimen263
\l__coffin_bottom_corner_dim=\dimen264
\l__coffin_top_corner_dim=\dimen265
\l__coffin_scaled_total_height_dim=\dimen266
\l__coffin_scaled_width_dim=\dimen267
\l__seq_internal_a_int=\count279
\l__seq_internal_b_int=\count280
)
(c:/texlive/2018/texmf-dist/tex/latex/l3kernel/l3pdfmode.def
File: l3pdfmode.def 2018-09-24 v L3 Experimental driver: PDF mode
\l__driver_color_stack_int=\count281
))
(c:/texlive/2018/texmf-dist/tex/latex/l3packages/xparse/xparse.sty
Package: xparse 2018-09-24 L3 Experimental document command parser
\l__xparse_current_arg_int=\count282
\g__xparse_grabber_int=\count283
\l__xparse_m_args_int=\count284
\l__xparse_mandatory_args_int=\count285
\l__xparse_v_nesting_int=\count286
)
Package: siunitx 2018/05/17 v2.7s A comprehensive (SI) units package

(c:/texlive/2018/texmf-dist/tex/latex/amsmath/amstext.sty
Package: amstext 2000/06/29 v2.01 AMS text

(c:/texlive/2018/texmf-dist/tex/latex/amsmath/amsgen.sty
File: amsgen.sty 1999/11/30 v2.0 generic functions
\@emptytoks=\toks31
\ex@=\dimen268
))
(c:/texlive/2018/texmf-dist/tex/latex/l3packages/l3keys2e/l3keys2e.sty
Package: l3keys2e 2018-09-24 LaTeX2e option processing using LaTeX3 keys
)
\l__siunitx_tmp_box=\box84
\l__siunitx_tmp_dim=\dimen269
\l__siunitx_tmp_int=\count287
\l__siunitx_number_mantissa_length_int=\count288
\l__siunitx_number_uncert_length_int=\count289
\l__siunitx_round_int=\count290
\l__siunitx_process_decimal_int=\count291
\l__siunitx_process_uncertainty_int=\count292
\l__siunitx_process_fixed_int=\count293
\l__siunitx_process_integer_min_int=\count294
\l__siunitx_process_precision_int=\count295
\l__siunitx_group_min_int=\count296
\l__siunitx_angle_marker_box=\box85
\l__siunitx_angle_unit_box=\box86
\l__siunitx_angle_marker_dim=\dimen270
\l__siunitx_angle_unit_dim=\dimen271
\l__siunitx_unit_int=\count297
\l__siunitx_unit_denominator_int=\count298
\l__siunitx_unit_numerator_int=\count299
\l__siunitx_unit_prefix_int=\count300
\l__siunitx_unit_prefix_base_int=\count301
\l__siunitx_unit_prefix_gram_int=\count302
\l__siunitx_number_product_int=\count303
\c__siunitx_one_fill_skip=\skip66
\l__siunitx_table_unit_align_skip=\skip67
\l__siunitx_table_exponent_dim=\dimen272
\l__siunitx_table_integer_dim=\dimen273
\l__siunitx_table_mantissa_dim=\dimen274
\l__siunitx_table_marker_dim=\dimen275
\l__siunitx_table_result_dim=\dimen276
\l__siunitx_table_uncert_dim=\dimen277
\l__siunitx_table_fill_pre_dim=\dimen278
\l__siunitx_table_fill_post_dim=\dimen279
\l__siunitx_table_fill_mid_dim=\dimen280
\l__siunitx_table_pre_box=\box87
\l__siunitx_table_post_box=\box88
\l__siunitx_table_mantissa_box=\box89
\l__siunitx_table_result_box=\box90
\l__siunitx_table_number_align_skip=\skip68
\l__siunitx_table_text_align_skip=\skip69
.................................................
. LaTeX info: "xparse/define-command"
. 
. Defining command \DeclareBinaryPrefix with sig. 'mmm' on line 7237.
.................................................
.................................................
. LaTeX info: "xparse/define-command"
. 
. Defining command \DeclareSIPostPower with sig. 'mm' on line 7240.
.................................................
.................................................
. LaTeX info: "xparse/define-command"
. 
. Defining command \DeclareSIPrefix with sig. 'mmm' on line 7243.
.................................................
.................................................
. LaTeX info: "xparse/define-command"
. 
. Defining command \DeclareSIPrePower with sig. 'mm' on line 7246.
.................................................
.................................................
. LaTeX info: "xparse/define-command"
. 
. Defining command \DeclareSIQualifier with sig. 'mm' on line 7249.
.................................................
.................................................
. LaTeX info: "xparse/define-command"
. 
. Defining command \DeclareSIUnit with sig. 'O{}mm' on line 7252.
.................................................
.................................................
. LaTeX info: "xparse/define-command"
. 
. Defining command \DeclareSIUnitWithOptions with sig. 'mmm' on line 7255.
.................................................
.................................................
. LaTeX info: "xparse/define-command"
. 
. Defining command \ang with sig. 'o>{\SplitArgument {2}{;}}m' on line 7270.
.................................................
.................................................
. LaTeX info: "xparse/define-command"
. 
. Defining command \num with sig. 'om' on line 7279.
.................................................
.................................................
. LaTeX info: "xparse/define-command"
. 
. Defining command \numlist with sig. 'o>{\SplitList {;}}m' on line 7288.
.................................................
.................................................
. LaTeX info: "xparse/define-command"
. 
. Defining command \numrange with sig. 'omm' on line 7297.
.................................................
.................................................
. LaTeX info: "xparse/define-command"
. 
. Defining command \SIlist with sig. 'o>{\SplitList {;}}mm' on line 7309.
.................................................
.................................................
. LaTeX info: "xparse/define-command"
. 
. Defining command \SIrange with sig. 'ommm' on line 7321.
.................................................
.................................................
. LaTeX info: "xparse/define-command"
. 
. Defining command \SI with sig. 'omom' on line 7333.
.................................................
.................................................
. LaTeX info: "xparse/define-command"
. 
. Defining command \sisetup with sig. 'm' on line 7336.
.................................................
.................................................
. LaTeX info: "xparse/define-command"
. 
. Defining command \tablenum with sig. 'om' on line 7351.
.................................................
.................................................
. LaTeX info: "xparse/define-command"
. 
. Defining command \si with sig. 'om' on line 7363.
.................................................
.................................................
. LaTeX info: "xparse/define-command"
. 
. Defining command \numInBookmark with sig. 'om' on line 7410.
.................................................
.................................................
. LaTeX info: "xparse/define-command"
. 
. Defining command \numrangeInBookmark with sig. 'omm' on line 7412.
.................................................
.................................................
. LaTeX info: "xparse/define-command"
. 
. Defining command \SIInBookmark with sig. 'omom' on line 7414.
.................................................
.................................................
. LaTeX info: "xparse/define-command"
. 
. Defining command \SIlistInBookmark with sig. 'omm' on line 7416.
.................................................
.................................................
. LaTeX info: "xparse/define-command"
. 
. Defining command \SIrangeInBookmark with sig. 'ommm' on line 7418.
.................................................
.................................................
. LaTeX info: "xparse/define-command"
. 
. Defining command \siInBookmark with sig. 'om' on line 7419.
.................................................

(c:/texlive/2018/texmf-dist/tex/latex/translator/translator.sty
Package: translator 2018/01/04 v1.12 Easy translation of strings in LaTeX
))
(c:/texlive/2018/texmf-dist/tex/latex/base/flafter.sty
Package: flafter 2018/01/08 v1.4c Standard LaTeX floats after reference (FMi)
Applying: [2015/01/01] float order in 2-column on input line 49.
Already applied: [0000/00/00] float order in 2-column on input line 151.
)
(c:/texlive/2018/texmf-dist/tex/latex/pdfpages/pdfpages.sty
Package: pdfpages 2017/10/31 v0.5l Insert pages of external PDF documents (AM)

(c:/texlive/2018/texmf-dist/tex/latex/base/ifthen.sty
Package: ifthen 2014/09/29 v1.1c Standard LaTeX ifthen package (DPC)
)
(c:/texlive/2018/texmf-dist/tex/latex/tools/calc.sty
Package: calc 2017/05/25 v4.3 Infix arithmetic (KKT,FJ)
\calc@Acount=\count304
\calc@Bcount=\count305
\calc@Adimen=\dimen281
\calc@Bdimen=\dimen282
\calc@Askip=\skip70
\calc@Bskip=\skip71
LaTeX Info: Redefining \setlength on input line 80.
LaTeX Info: Redefining \addtolength on input line 81.
\calc@Ccount=\count306
\calc@Cskip=\skip72
)
(c:/texlive/2018/texmf-dist/tex/latex/eso-pic/eso-pic.sty
Package: eso-pic 2018/04/12 v2.0h eso-pic (RN)
)
\AM@pagewidth=\dimen283
\AM@pageheight=\dimen284

(c:/texlive/2018/texmf-dist/tex/latex/pdfpages/pppdftex.def
File: pppdftex.def 2017/10/31 v0.5l Pdfpages driver for pdfTeX (AM)
)
\AM@pagebox=\box91
\AM@global@opts=\toks32
\AM@toc@title=\toks33
\c@AM@survey=\count307
\AM@templatesizebox=\box92
)
(c:/texlive/2018/texmf-dist/tex/latex/caption/caption.sty
Package: caption 2018/05/01 v3.3-147 Customizing captions (AR)

(c:/texlive/2018/texmf-dist/tex/latex/caption/caption3.sty
Package: caption3 2018/05/27 v1.8a caption3 kernel (AR)
Package caption3 Info: TeX engine: e-TeX on input line 64.
\captionmargin=\dimen285
\captionmargin@=\dimen286
\captionwidth=\dimen287
\caption@tempdima=\dimen288
\caption@indent=\dimen289
\caption@parindent=\dimen290
\caption@hangindent=\dimen291
)
\c@ContinuedFloat=\count308
Package caption Info: hyperref package is loaded.
)
(c:/texlive/2018/texmf-dist/tex/latex/caption/subcaption.sty
Package: subcaption 2018/05/01 v1.1-162 Sub-captions (AR)
\c@subfigure=\count309
\c@subtable=\count310
)
(c:/texlive/2018/texmf-dist/tex/latex/booktabs/booktabs.sty
Package: booktabs 2016/04/27 v1.618033 publication quality tables
\heavyrulewidth=\dimen292
\lightrulewidth=\dimen293
\cmidrulewidth=\dimen294
\belowrulesep=\dimen295
\belowbottomsep=\dimen296
\aboverulesep=\dimen297
\abovetopsep=\dimen298
\cmidrulesep=\dimen299
\cmidrulekern=\dimen300
\defaultaddspace=\dimen301
\@cmidla=\count311
\@cmidlb=\count312
\@aboverulesep=\dimen302
\@belowrulesep=\dimen303
\@thisruleclass=\count313
\@lastruleclass=\count314
\@thisrulewidth=\dimen304
)
(c:/texlive/2018/texmf-dist/tex/latex/was/gensymb.sty
Package: gensymb 2003/07/02 v1.0 (WaS)
)
(./tussentijdsVerslagTeamElisaReport.aux)
\openout1 = `tussentijdsVerslagTeamElisaReport.aux'.

LaTeX Font Info:    Checking defaults for OML/cmm/m/it on input line 37.
LaTeX Font Info:    ... okay on input line 37.
LaTeX Font Info:    Checking defaults for T1/cmr/m/n on input line 37.
LaTeX Font Info:    ... okay on input line 37.
LaTeX Font Info:    Checking defaults for OT1/cmr/m/n on input line 37.
LaTeX Font Info:    ... okay on input line 37.
LaTeX Font Info:    Checking defaults for OMS/cmsy/m/n on input line 37.
LaTeX Font Info:    ... okay on input line 37.
LaTeX Font Info:    Checking defaults for OMX/cmex/m/n on input line 37.
LaTeX Font Info:    ... okay on input line 37.
LaTeX Font Info:    Checking defaults for U/cmr/m/n on input line 37.
LaTeX Font Info:    ... okay on input line 37.
LaTeX Font Info:    Checking defaults for PD1/pdf/m/n on input line 37.
LaTeX Font Info:    ... okay on input line 37.
\AtBeginShipoutBox=\box93
Package hyperref Info: Link coloring OFF on input line 37.

(c:/texlive/2018/texmf-dist/tex/latex/hyperref/nameref.sty
Package: nameref 2016/05/21 v2.44 Cross-referencing by name of section

(c:/texlive/2018/texmf-dist/tex/generic/oberdiek/gettitlestring.sty
Package: gettitlestring 2016/05/16 v1.5 Cleanup title references (HO)
)
\c@section@level=\count315
)
LaTeX Info: Redefining \ref on input line 37.
LaTeX Info: Redefining \pageref on input line 37.
LaTeX Info: Redefining \nameref on input line 37.

(./tussentijdsVerslagTeamElisaReport.out)
(./tussentijdsVerslagTeamElisaReport.out)
\@outlinefile=\write4
\openout4 = `tussentijdsVerslagTeamElisaReport.out'.


(c:/texlive/2018/texmf-dist/tex/context/base/mkii/supp-pdf.mkii
[Loading MPS to PDF converter (version 2006.09.02).]
\scratchcounter=\count316
\scratchdimen=\dimen305
\scratchbox=\box94
\nofMPsegments=\count317
\nofMParguments=\count318
\everyMPshowfont=\toks34
\MPscratchCnt=\count319
\MPscratchDim=\dimen306
\MPnumerator=\count320
\makeMPintoPDFobject=\count321
\everyMPtoPDFconversion=\toks35
) (c:/texlive/2018/texmf-dist/tex/latex/oberdiek/epstopdf-base.sty
Package: epstopdf-base 2016/05/15 v2.6 Base part for package epstopdf

(c:/texlive/2018/texmf-dist/tex/latex/oberdiek/grfext.sty
Package: grfext 2016/05/16 v1.2 Manage graphics extensions (HO)
)
Package epstopdf-base Info: Redefining graphics rule for `.eps' on input line 4
38.
Package grfext Info: Graphics extension search list:
(grfext)             [.pdf,.png,.jpg,.mps,.jpeg,.jbig2,.jb2,.PDF,.PNG,.JPG,.JPE
G,.JBIG2,.JB2,.eps]
(grfext)             \AppendGraphicsExtensions on input line 456.

(c:/texlive/2018/texmf-dist/tex/latex/latexconfig/epstopdf-sys.cfg
File: epstopdf-sys.cfg 2010/07/13 v1.3 Configuration of (r)epstopdf for TeX Liv
e
))
ABD: EveryShipout initializing macros
Now handling font encoding TS1 ...
... processing UTF-8 mapping file for font encoding TS1

(c:/texlive/2018/texmf-dist/tex/latex/base/ts1enc.dfu
File: ts1enc.dfu 2018/04/05 v1.2c UTF-8 support for inputenc
   defining Unicode char U+00A2 (decimal 162)
   defining Unicode char U+00A3 (decimal 163)
   defining Unicode char U+00A4 (decimal 164)
   defining Unicode char U+00A5 (decimal 165)
   defining Unicode char U+00A6 (decimal 166)
   defining Unicode char U+00A7 (decimal 167)
   defining Unicode char U+00A8 (decimal 168)
   defining Unicode char U+00A9 (decimal 169)
   defining Unicode char U+00AA (decimal 170)
   defining Unicode char U+00AC (decimal 172)
   defining Unicode char U+00AE (decimal 174)
   defining Unicode char U+00AF (decimal 175)
   defining Unicode char U+00B0 (decimal 176)
   defining Unicode char U+00B1 (decimal 177)
   defining Unicode char U+00B2 (decimal 178)
   defining Unicode char U+00B3 (decimal 179)
   defining Unicode char U+00B4 (decimal 180)
   defining Unicode char U+00B5 (decimal 181)
   defining Unicode char U+00B6 (decimal 182)
   defining Unicode char U+00B7 (decimal 183)
   defining Unicode char U+00B9 (decimal 185)
   defining Unicode char U+00BA (decimal 186)
   defining Unicode char U+00BC (decimal 188)
   defining Unicode char U+00BD (decimal 189)
   defining Unicode char U+00BE (decimal 190)
   defining Unicode char U+00D7 (decimal 215)
   defining Unicode char U+00F7 (decimal 247)
   defining Unicode char U+0192 (decimal 402)
   defining Unicode char U+02C7 (decimal 711)
   defining Unicode char U+02D8 (decimal 728)
   defining Unicode char U+02DD (decimal 733)
   defining Unicode char U+0E3F (decimal 3647)
   defining Unicode char U+2016 (decimal 8214)
   defining Unicode char U+2020 (decimal 8224)
   defining Unicode char U+2021 (decimal 8225)
   defining Unicode char U+2022 (decimal 8226)
   defining Unicode char U+2030 (decimal 8240)
   defining Unicode char U+2031 (decimal 8241)
   defining Unicode char U+203B (decimal 8251)
   defining Unicode char U+203D (decimal 8253)
   defining Unicode char U+2044 (decimal 8260)
   defining Unicode char U+204E (decimal 8270)
   defining Unicode char U+2052 (decimal 8274)
   defining Unicode char U+20A1 (decimal 8353)
   defining Unicode char U+20A4 (decimal 8356)
   defining Unicode char U+20A6 (decimal 8358)
   defining Unicode char U+20A9 (decimal 8361)
   defining Unicode char U+20AB (decimal 8363)
   defining Unicode char U+20AC (decimal 8364)
   defining Unicode char U+20B1 (decimal 8369)
   defining Unicode char U+2103 (decimal 8451)
   defining Unicode char U+2116 (decimal 8470)
   defining Unicode char U+2117 (decimal 8471)
   defining Unicode char U+211E (decimal 8478)
   defining Unicode char U+2120 (decimal 8480)
   defining Unicode char U+2122 (decimal 8482)
   defining Unicode char U+2126 (decimal 8486)
   defining Unicode char U+2127 (decimal 8487)
   defining Unicode char U+212E (decimal 8494)
   defining Unicode char U+2190 (decimal 8592)
   defining Unicode char U+2191 (decimal 8593)
   defining Unicode char U+2192 (decimal 8594)
   defining Unicode char U+2193 (decimal 8595)
   defining Unicode char U+2329 (decimal 9001)
   defining Unicode char U+232A (decimal 9002)
   defining Unicode char U+2422 (decimal 9250)
   defining Unicode char U+25E6 (decimal 9702)
   defining Unicode char U+25EF (decimal 9711)
   defining Unicode char U+266A (decimal 9834)
   defining Unicode char U+FEFF (decimal 65279)
)
(c:/texlive/2018/texmf-dist/tex/latex/translator/translator-basic-dictionary-En
glish.dict
Dictionary: translator-basic-dictionary, Language: English 
)
(c:/texlive/2018/texmf-dist/tex/latex/siunitx/siunitx-abbreviations.cfg
File: siunitx-abbreviations.cfg 2017/11/26 v2.7k siunitx: Abbreviated units
)
(c:/texlive/2018/texmf-dist/tex/latex/oberdiek/pdflscape.sty
Package: pdflscape 2016/05/14 v0.11 Display of landscape pages in PDF (HO)

(c:/texlive/2018/texmf-dist/tex/latex/graphics/lscape.sty
Package: lscape 2000/10/22 v3.01 Landscape Pages (DPC)
)
Package pdflscape Info: Auto-detected driver: pdftex on input line 81.
)
Package caption Info: Begin \AtBeginDocument code.
Package caption Info: End \AtBeginDocument code.
LaTeX Info: Redefining \celsius on input line 37.
Package gensymb Info: Faking symbols for \degree and \celsius on input line 37.



Package gensymb Warning: Not defining \perthousand.

LaTeX Info: Redefining \ohm on input line 37.
Package gensymb Info: Using \Omega for \ohm on input line 37.

Package gensymb Warning: Not defining \micro.

LaTeX Font Info:    External font `cmex10' loaded for size
(Font)              <7> on input line 37.
LaTeX Font Info:    External font `cmex10' loaded for size
(Font)              <5> on input line 37.
<kulakLogo.pdf, id=71, 245.83241pt x 51.21533pt>
File: kulakLogo.pdf Graphic file (type pdf)
<use kulakLogo.pdf>
Package pdftex.def Info: kulakLogo.pdf  used on input line 39.
(pdftex.def)             Requested size: 245.8318pt x 51.21504pt.
[1

{c:/texlive/2018/texmf-var/fonts/map/pdftex/updmap/pdftex.map} <c:/texlive/texm
f-local/tex/latex/local/kulak/kulakLogo.pdf>]
(./tussentijdsVerslagTeamElisaReport.toc)
\tf@toc=\write5
\openout5 = `tussentijdsVerslagTeamElisaReport.toc'.

 [2


] [3

]
Hoofdstuk 1.
[4

]
Hoofdstuk 2.
<AfmetingenMicrowell.png, id=126, 169.8345pt x 104.18925pt>
File: AfmetingenMicrowell.png Graphic file (type png)
<use AfmetingenMicrowell.png>
Package pdftex.def Info: AfmetingenMicrowell.png  used on input line 66.
(pdftex.def)             Requested size: 172.5pt x 105.82805pt.
[5

 <./AfmetingenMicrowell.PNG>]
Hoofdstuk 3.
[6

]
<micdis1.jpg, id=143, 3854.4pt x 1735.48375pt>
File: micdis1.jpg Graphic file (type jpg)
<use micdis1.jpg>
Package pdftex.def Info: micdis1.jpg  used on input line 92.
(pdftex.def)             Requested size: 276.00105pt x 124.25032pt.
<micdis2.jpg, id=144, 3854.4pt x 1735.48375pt>
File: micdis2.jpg Graphic file (type jpg)
<use micdis2.jpg>
Package pdftex.def Info: micdis2.jpg  used on input line 100.
(pdftex.def)             Requested size: 276.00105pt x 124.25032pt.
LaTeX Font Info:    External font `cmex10' loaded for size
(Font)              <8> on input line 107.
LaTeX Font Info:    External font `cmex10' loaded for size
(Font)              <6> on input line 107.
 [7 <./micdis1.jpg> <./micdis2.jpg>]
Hoofdstuk 4.
[8

] [9]
Hoofdstuk 5.
[10

]
Hoofdstuk 6.
[11

]
Hoofdstuk 7.
[12

]
Hoofdstuk 8.
[13

]
Overfull \hbox (224.93192pt too wide) in paragraph at lines 188--203
[][]
 []

[14

]
LaTeX Font Info:    Try loading font information for OMS+cmr on input line 214.

 (c:/texlive/2018/texmf-dist/tex/latex/base/omscmr.fd
File: omscmr.fd 2014/09/29 v2.5h Standard LaTeX font definitions
)
LaTeX Font Info:    Font shape `OMS/cmr/m/n' in size <10> not available
(Font)              Font shape `OMS/cmsy/m/n' tried instead on input line 214.
 [15

]
Overfull \hbox (1.2843pt too wide) in paragraph at lines 242--243
 []\OT1/cmr/bx/n/10 Algemene Na-tuur-kunde: Elek-tro-mag-ne-tisme en In-for-ma-
tie-over-dracht
 []

[16

]
<kizzigeGanttchart.pdf, id=215, 794.97pt x 614.295pt>
File: kizzigeGanttchart.pdf Graphic file (type pdf)
<use kizzigeGanttchart.pdf>
Package pdftex.def Info: kizzigeGanttchart.pdf  used on input line 249.
(pdftex.def)             Requested size: 794.96806pt x 614.29349pt.
File: kizzigeGanttchart.pdf Graphic file (type pdf)
<use kizzigeGanttchart.pdf>
Package pdftex.def Info: kizzigeGanttchart.pdf  used on input line 249.
(pdftex.def)             Requested size: 794.96806pt x 614.29349pt.
<kizzigeGanttchart.pdf, id=218, page=1, 794.97pt x 614.295pt>
File: kizzigeGanttchart.pdf Graphic file (type pdf)
<use kizzigeGanttchart.pdf, page 1>
Package pdftex.def Info: kizzigeGanttchart.pdf , page1 used on input line 249.
(pdftex.def)             Requested size: 794.96806pt x 614.29349pt.
File: kizzigeGanttchart.pdf Graphic file (type pdf)
<use kizzigeGanttchart.pdf, page 1>
Package pdftex.def Info: kizzigeGanttchart.pdf , page1 used on input line 249.
(pdftex.def)             Requested size: 598.22752pt x 462.26671pt.

Overfull \hbox (8.70903pt too wide) in paragraph at lines 248--249
\OT1/cmr/m/n/10 Op de vol-gende blad-zij-den vindt u een Gantt-grafiek van onze
 plan-ning.             
 []

[17

]
File: kizzigeGanttchart.pdf Graphic file (type pdf)
<use kizzigeGanttchart.pdf, page 1>
Package pdftex.def Info: kizzigeGanttchart.pdf , page1 used on input line 249.
(pdftex.def)             Requested size: 598.22752pt x 462.26671pt.
File: kizzigeGanttchart.pdf Graphic file (type pdf)
<use kizzigeGanttchart.pdf, page 1>
Package pdftex.def Info: kizzigeGanttchart.pdf , page1 used on input line 249.
(pdftex.def)             Requested size: 598.22752pt x 462.26671pt.
File: kizzigeGanttchart.pdf Graphic file (type pdf)
<use kizzigeGanttchart.pdf, page 1>
Package pdftex.def Info: kizzigeGanttchart.pdf , page1 used on input line 249.
(pdftex.def)             Requested size: 598.22752pt x 462.26671pt.
 [18 <./kizzigeGanttchart.pdf>]
File: kizzigeGanttchart.pdf Graphic file (type pdf)
<use kizzigeGanttchart.pdf>
Package pdftex.def Info: kizzigeGanttchart.pdf  used on input line 250.
(pdftex.def)             Requested size: 794.96806pt x 614.29349pt.
File: kizzigeGanttchart.pdf Graphic file (type pdf)
<use kizzigeGanttchart.pdf>
Package pdftex.def Info: kizzigeGanttchart.pdf  used on input line 250.
(pdftex.def)             Requested size: 794.96806pt x 614.29349pt.
<kizzigeGanttchart.pdf, id=249, page=2, 794.97pt x 614.295pt>
File: kizzigeGanttchart.pdf Graphic file (type pdf)
<use kizzigeGanttchart.pdf, page 2>
Package pdftex.def Info: kizzigeGanttchart.pdf , page2 used on input line 250.
(pdftex.def)             Requested size: 794.96806pt x 614.29349pt.
File: kizzigeGanttchart.pdf Graphic file (type pdf)
<use kizzigeGanttchart.pdf, page 2>
Package pdftex.def Info: kizzigeGanttchart.pdf , page2 used on input line 250.
(pdftex.def)             Requested size: 598.22752pt x 462.26671pt.
File: kizzigeGanttchart.pdf Graphic file (type pdf)
<use kizzigeGanttchart.pdf, page 2>
Package pdftex.def Info: kizzigeGanttchart.pdf , page2 used on input line 250.
(pdftex.def)             Requested size: 598.22752pt x 462.26671pt.
File: kizzigeGanttchart.pdf Graphic file (type pdf)
<use kizzigeGanttchart.pdf, page 2>
Package pdftex.def Info: kizzigeGanttchart.pdf , page2 used on input line 250.
(pdftex.def)             Requested size: 598.22752pt x 462.26671pt.
File: kizzigeGanttchart.pdf Graphic file (type pdf)
<use kizzigeGanttchart.pdf, page 2>
Package pdftex.def Info: kizzigeGanttchart.pdf , page2 used on input line 250.
(pdftex.def)             Requested size: 598.22752pt x 462.26671pt.
 [19 <./kizzigeGanttchart.pdf>]
File: kizzigeGanttchart.pdf Graphic file (type pdf)
<use kizzigeGanttchart.pdf>
Package pdftex.def Info: kizzigeGanttchart.pdf  used on input line 251.
(pdftex.def)             Requested size: 794.96806pt x 614.29349pt.
File: kizzigeGanttchart.pdf Graphic file (type pdf)
<use kizzigeGanttchart.pdf>
Package pdftex.def Info: kizzigeGanttchart.pdf  used on input line 251.
(pdftex.def)             Requested size: 794.96806pt x 614.29349pt.
<kizzigeGanttchart.pdf, id=262, page=3, 794.97pt x 614.295pt>
File: kizzigeGanttchart.pdf Graphic file (type pdf)
<use kizzigeGanttchart.pdf, page 3>
Package pdftex.def Info: kizzigeGanttchart.pdf , page3 used on input line 251.
(pdftex.def)             Requested size: 794.96806pt x 614.29349pt.
File: kizzigeGanttchart.pdf Graphic file (type pdf)
<use kizzigeGanttchart.pdf, page 3>
Package pdftex.def Info: kizzigeGanttchart.pdf , page3 used on input line 251.
(pdftex.def)             Requested size: 598.22752pt x 462.26671pt.
File: kizzigeGanttchart.pdf Graphic file (type pdf)
<use kizzigeGanttchart.pdf, page 3>
Package pdftex.def Info: kizzigeGanttchart.pdf , page3 used on input line 251.
(pdftex.def)             Requested size: 598.22752pt x 462.26671pt.
File: kizzigeGanttchart.pdf Graphic file (type pdf)
<use kizzigeGanttchart.pdf, page 3>
Package pdftex.def Info: kizzigeGanttchart.pdf , page3 used on input line 251.
(pdftex.def)             Requested size: 598.22752pt x 462.26671pt.
File: kizzigeGanttchart.pdf Graphic file (type pdf)
<use kizzigeGanttchart.pdf, page 3>
Package pdftex.def Info: kizzigeGanttchart.pdf , page3 used on input line 251.
(pdftex.def)             Requested size: 598.22752pt x 462.26671pt.
 [20 <./kizzigeGanttchart.pdf>]
<vergaderverslag3oktober.pdf, id=267, 597.50829pt x 845.0471pt>
File: vergaderverslag3oktober.pdf Graphic file (type pdf)
<use vergaderverslag3oktober.pdf>
Package pdftex.def Info: vergaderverslag3oktober.pdf  used on input line 256.
(pdftex.def)             Requested size: 597.50682pt x 845.04504pt.
File: vergaderverslag3oktober.pdf Graphic file (type pdf)
<use vergaderverslag3oktober.pdf>
Package pdftex.def Info: vergaderverslag3oktober.pdf  used on input line 256.
(pdftex.def)             Requested size: 597.50682pt x 845.04504pt.
<vergaderverslag3oktober.pdf, id=270, page=1, 597.50829pt x 845.0471pt>
File: vergaderverslag3oktober.pdf Graphic file (type pdf)
<use vergaderverslag3oktober.pdf, page 1>
Package pdftex.def Info: vergaderverslag3oktober.pdf , page1 used on input line
 256.
(pdftex.def)             Requested size: 597.50682pt x 845.04504pt.
File: vergaderverslag3oktober.pdf Graphic file (type pdf)
<use vergaderverslag3oktober.pdf, page 1>
Package pdftex.def Info: vergaderverslag3oktober.pdf , page1 used on input line
 256.
(pdftex.def)             Requested size: 597.53416pt x 845.08372pt.
 [21]
File: vergaderverslag3oktober.pdf Graphic file (type pdf)
<use vergaderverslag3oktober.pdf, page 1>
Package pdftex.def Info: vergaderverslag3oktober.pdf , page1 used on input line
 256.
(pdftex.def)             Requested size: 597.53416pt x 845.08372pt.
File: vergaderverslag3oktober.pdf Graphic file (type pdf)
<use vergaderverslag3oktober.pdf, page 1>
Package pdftex.def Info: vergaderverslag3oktober.pdf , page1 used on input line
 256.
(pdftex.def)             Requested size: 597.53416pt x 845.08372pt.
File: vergaderverslag3oktober.pdf Graphic file (type pdf)
<use vergaderverslag3oktober.pdf, page 1>
Package pdftex.def Info: vergaderverslag3oktober.pdf , page1 used on input line
 256.
(pdftex.def)             Requested size: 597.53416pt x 845.08372pt.
 [22 <./vergaderverslag3oktober.pdf>]
<vergaderverslag10oktober.pdf, id=332, 597.50829pt x 845.0471pt>
File: vergaderverslag10oktober.pdf Graphic file (type pdf)
<use vergaderverslag10oktober.pdf>
Package pdftex.def Info: vergaderverslag10oktober.pdf  used on input line 257.
(pdftex.def)             Requested size: 597.50682pt x 845.04504pt.
File: vergaderverslag10oktober.pdf Graphic file (type pdf)
<use vergaderverslag10oktober.pdf>
Package pdftex.def Info: vergaderverslag10oktober.pdf  used on input line 257.
(pdftex.def)             Requested size: 597.50682pt x 845.04504pt.
<vergaderverslag10oktober.pdf, id=335, page=1, 597.50829pt x 845.0471pt>
File: vergaderverslag10oktober.pdf Graphic file (type pdf)
<use vergaderverslag10oktober.pdf, page 1>
Package pdftex.def Info: vergaderverslag10oktober.pdf , page1 used on input lin
e 257.
(pdftex.def)             Requested size: 597.50682pt x 845.04504pt.
File: vergaderverslag10oktober.pdf Graphic file (type pdf)
<use vergaderverslag10oktober.pdf, page 1>
Package pdftex.def Info: vergaderverslag10oktober.pdf , page1 used on input lin
e 257.
(pdftex.def)             Requested size: 597.53416pt x 845.08372pt.
File: vergaderverslag10oktober.pdf Graphic file (type pdf)
<use vergaderverslag10oktober.pdf, page 1>
Package pdftex.def Info: vergaderverslag10oktober.pdf , page1 used on input lin
e 257.
(pdftex.def)             Requested size: 597.53416pt x 845.08372pt.
File: vergaderverslag10oktober.pdf Graphic file (type pdf)
<use vergaderverslag10oktober.pdf, page 1>
Package pdftex.def Info: vergaderverslag10oktober.pdf , page1 used on input lin
e 257.
(pdftex.def)             Requested size: 597.53416pt x 845.08372pt.
File: vergaderverslag10oktober.pdf Graphic file (type pdf)
<use vergaderverslag10oktober.pdf, page 1>
Package pdftex.def Info: vergaderverslag10oktober.pdf , page1 used on input lin
e 257.
(pdftex.def)             Requested size: 597.53416pt x 845.08372pt.
 [23 <./vergaderverslag10oktober.pdf>]
<vergaderverslag17oktober.pdf, id=369, 597.50829pt x 845.0471pt>
File: vergaderverslag17oktober.pdf Graphic file (type pdf)
<use vergaderverslag17oktober.pdf>
Package pdftex.def Info: vergaderverslag17oktober.pdf  used on input line 258.
(pdftex.def)             Requested size: 597.50682pt x 845.04504pt.
File: vergaderverslag17oktober.pdf Graphic file (type pdf)
<use vergaderverslag17oktober.pdf>
Package pdftex.def Info: vergaderverslag17oktober.pdf  used on input line 258.
(pdftex.def)             Requested size: 597.50682pt x 845.04504pt.
<vergaderverslag17oktober.pdf, id=372, page=1, 597.50829pt x 845.0471pt>
File: vergaderverslag17oktober.pdf Graphic file (type pdf)
<use vergaderverslag17oktober.pdf, page 1>
Package pdftex.def Info: vergaderverslag17oktober.pdf , page1 used on input lin
e 258.
(pdftex.def)             Requested size: 597.50682pt x 845.04504pt.
File: vergaderverslag17oktober.pdf Graphic file (type pdf)
<use vergaderverslag17oktober.pdf, page 1>
Package pdftex.def Info: vergaderverslag17oktober.pdf , page1 used on input lin
e 258.
(pdftex.def)             Requested size: 597.53416pt x 845.08372pt.
File: vergaderverslag17oktober.pdf Graphic file (type pdf)
<use vergaderverslag17oktober.pdf, page 1>
Package pdftex.def Info: vergaderverslag17oktober.pdf , page1 used on input lin
e 258.
(pdftex.def)             Requested size: 597.53416pt x 845.08372pt.
File: vergaderverslag17oktober.pdf Graphic file (type pdf)
<use vergaderverslag17oktober.pdf, page 1>
Package pdftex.def Info: vergaderverslag17oktober.pdf , page1 used on input lin
e 258.
(pdftex.def)             Requested size: 597.53416pt x 845.08372pt.
File: vergaderverslag17oktober.pdf Graphic file (type pdf)
<use vergaderverslag17oktober.pdf, page 1>
Package pdftex.def Info: vergaderverslag17oktober.pdf , page1 used on input lin
e 258.
(pdftex.def)             Requested size: 597.53416pt x 845.08372pt.
 [24 <./vergaderverslag17oktober.pdf>]
<vergaderverslag24oktober.pdf, id=406, 597.50829pt x 845.0471pt>
File: vergaderverslag24oktober.pdf Graphic file (type pdf)
<use vergaderverslag24oktober.pdf>
Package pdftex.def Info: vergaderverslag24oktober.pdf  used on input line 259.
(pdftex.def)             Requested size: 597.50682pt x 845.04504pt.
File: vergaderverslag24oktober.pdf Graphic file (type pdf)
<use vergaderverslag24oktober.pdf>
Package pdftex.def Info: vergaderverslag24oktober.pdf  used on input line 259.
(pdftex.def)             Requested size: 597.50682pt x 845.04504pt.
<vergaderverslag24oktober.pdf, id=409, page=1, 597.50829pt x 845.0471pt>
File: vergaderverslag24oktober.pdf Graphic file (type pdf)
<use vergaderverslag24oktober.pdf, page 1>
Package pdftex.def Info: vergaderverslag24oktober.pdf , page1 used on input lin
e 259.
(pdftex.def)             Requested size: 597.50682pt x 845.04504pt.
File: vergaderverslag24oktober.pdf Graphic file (type pdf)
<use vergaderverslag24oktober.pdf, page 1>
Package pdftex.def Info: vergaderverslag24oktober.pdf , page1 used on input lin
e 259.
(pdftex.def)             Requested size: 597.53416pt x 845.08372pt.
File: vergaderverslag24oktober.pdf Graphic file (type pdf)
<use vergaderverslag24oktober.pdf, page 1>
Package pdftex.def Info: vergaderverslag24oktober.pdf , page1 used on input lin
e 259.
(pdftex.def)             Requested size: 597.53416pt x 845.08372pt.
File: vergaderverslag24oktober.pdf Graphic file (type pdf)
<use vergaderverslag24oktober.pdf, page 1>
Package pdftex.def Info: vergaderverslag24oktober.pdf , page1 used on input lin
e 259.
(pdftex.def)             Requested size: 597.53416pt x 845.08372pt.
File: vergaderverslag24oktober.pdf Graphic file (type pdf)
<use vergaderverslag24oktober.pdf, page 1>
Package pdftex.def Info: vergaderverslag24oktober.pdf , page1 used on input lin
e 259.
(pdftex.def)             Requested size: 597.53416pt x 845.08372pt.
 [25 <./vergaderverslag24oktober.pdf>]
<vergaderverslag31oktober.pdf, id=445, 597.50829pt x 845.0471pt>
File: vergaderverslag31oktober.pdf Graphic file (type pdf)
<use vergaderverslag31oktober.pdf>
Package pdftex.def Info: vergaderverslag31oktober.pdf  used on input line 260.
(pdftex.def)             Requested size: 597.50682pt x 845.04504pt.
File: vergaderverslag31oktober.pdf Graphic file (type pdf)
<use vergaderverslag31oktober.pdf>
Package pdftex.def Info: vergaderverslag31oktober.pdf  used on input line 260.
(pdftex.def)             Requested size: 597.50682pt x 845.04504pt.
<vergaderverslag31oktober.pdf, id=448, page=1, 597.50829pt x 845.0471pt>
File: vergaderverslag31oktober.pdf Graphic file (type pdf)
<use vergaderverslag31oktober.pdf, page 1>
Package pdftex.def Info: vergaderverslag31oktober.pdf , page1 used on input lin
e 260.
(pdftex.def)             Requested size: 597.50682pt x 845.04504pt.
File: vergaderverslag31oktober.pdf Graphic file (type pdf)
<use vergaderverslag31oktober.pdf, page 1>
Package pdftex.def Info: vergaderverslag31oktober.pdf , page1 used on input lin
e 260.
(pdftex.def)             Requested size: 597.53416pt x 845.08372pt.
File: vergaderverslag31oktober.pdf Graphic file (type pdf)
<use vergaderverslag31oktober.pdf, page 1>
Package pdftex.def Info: vergaderverslag31oktober.pdf , page1 used on input lin
e 260.
(pdftex.def)             Requested size: 597.53416pt x 845.08372pt.
File: vergaderverslag31oktober.pdf Graphic file (type pdf)
<use vergaderverslag31oktober.pdf, page 1>
Package pdftex.def Info: vergaderverslag31oktober.pdf , page1 used on input lin
e 260.
(pdftex.def)             Requested size: 597.53416pt x 845.08372pt.
File: vergaderverslag31oktober.pdf Graphic file (type pdf)
<use vergaderverslag31oktober.pdf, page 1>
Package pdftex.def Info: vergaderverslag31oktober.pdf , page1 used on input lin
e 260.
(pdftex.def)             Requested size: 597.53416pt x 845.08372pt.
 [26 <./vergaderverslag31oktober.pdf>]
<vergaderverslag7november.pdf, id=482, 597.50829pt x 845.0471pt>
File: vergaderverslag7november.pdf Graphic file (type pdf)
<use vergaderverslag7november.pdf>
Package pdftex.def Info: vergaderverslag7november.pdf  used on input line 261.
(pdftex.def)             Requested size: 597.50682pt x 845.04504pt.
File: vergaderverslag7november.pdf Graphic file (type pdf)
<use vergaderverslag7november.pdf>
Package pdftex.def Info: vergaderverslag7november.pdf  used on input line 261.
(pdftex.def)             Requested size: 597.50682pt x 845.04504pt.
<vergaderverslag7november.pdf, id=485, page=1, 597.50829pt x 845.0471pt>
File: vergaderverslag7november.pdf Graphic file (type pdf)
<use vergaderverslag7november.pdf, page 1>
Package pdftex.def Info: vergaderverslag7november.pdf , page1 used on input lin
e 261.
(pdftex.def)             Requested size: 597.50682pt x 845.04504pt.
File: vergaderverslag7november.pdf Graphic file (type pdf)
<use vergaderverslag7november.pdf, page 1>
Package pdftex.def Info: vergaderverslag7november.pdf , page1 used on input lin
e 261.
(pdftex.def)             Requested size: 597.53416pt x 845.08372pt.
File: vergaderverslag7november.pdf Graphic file (type pdf)
<use vergaderverslag7november.pdf, page 1>
Package pdftex.def Info: vergaderverslag7november.pdf , page1 used on input lin
e 261.
(pdftex.def)             Requested size: 597.53416pt x 845.08372pt.
File: vergaderverslag7november.pdf Graphic file (type pdf)
<use vergaderverslag7november.pdf, page 1>
Package pdftex.def Info: vergaderverslag7november.pdf , page1 used on input lin
e 261.
(pdftex.def)             Requested size: 597.53416pt x 845.08372pt.
File: vergaderverslag7november.pdf Graphic file (type pdf)
<use vergaderverslag7november.pdf, page 1>
Package pdftex.def Info: vergaderverslag7november.pdf , page1 used on input lin
e 261.
(pdftex.def)             Requested size: 597.53416pt x 845.08372pt.
 [27 <./vergaderverslag7november.pdf>]
<vergaderverslag14november.pdf, id=519, 597.50829pt x 845.0471pt>
File: vergaderverslag14november.pdf Graphic file (type pdf)
<use vergaderverslag14november.pdf>
Package pdftex.def Info: vergaderverslag14november.pdf  used on input line 262.

(pdftex.def)             Requested size: 597.50682pt x 845.04504pt.
File: vergaderverslag14november.pdf Graphic file (type pdf)
<use vergaderverslag14november.pdf>
Package pdftex.def Info: vergaderverslag14november.pdf  used on input line 262.

(pdftex.def)             Requested size: 597.50682pt x 845.04504pt.
<vergaderverslag14november.pdf, id=522, page=1, 597.50829pt x 845.0471pt>
File: vergaderverslag14november.pdf Graphic file (type pdf)
<use vergaderverslag14november.pdf, page 1>
Package pdftex.def Info: vergaderverslag14november.pdf , page1 used on input li
ne 262.
(pdftex.def)             Requested size: 597.50682pt x 845.04504pt.
File: vergaderverslag14november.pdf Graphic file (type pdf)
<use vergaderverslag14november.pdf, page 1>
Package pdftex.def Info: vergaderverslag14november.pdf , page1 used on input li
ne 262.
(pdftex.def)             Requested size: 597.53416pt x 845.08372pt.
File: vergaderverslag14november.pdf Graphic file (type pdf)
<use vergaderverslag14november.pdf, page 1>
Package pdftex.def Info: vergaderverslag14november.pdf , page1 used on input li
ne 262.
(pdftex.def)             Requested size: 597.53416pt x 845.08372pt.
File: vergaderverslag14november.pdf Graphic file (type pdf)
<use vergaderverslag14november.pdf, page 1>
Package pdftex.def Info: vergaderverslag14november.pdf , page1 used on input li
ne 262.
(pdftex.def)             Requested size: 597.53416pt x 845.08372pt.
File: vergaderverslag14november.pdf Graphic file (type pdf)
<use vergaderverslag14november.pdf, page 1>
Package pdftex.def Info: vergaderverslag14november.pdf , page1 used on input li
ne 262.
(pdftex.def)             Requested size: 597.53416pt x 845.08372pt.
 [28 <./vergaderverslag14november.pdf>]
<vergaderverslag21november.pdf, id=556, 597.50829pt x 845.0471pt>
File: vergaderverslag21november.pdf Graphic file (type pdf)
<use vergaderverslag21november.pdf>
Package pdftex.def Info: vergaderverslag21november.pdf  used on input line 263.

(pdftex.def)             Requested size: 597.50682pt x 845.04504pt.
File: vergaderverslag21november.pdf Graphic file (type pdf)
<use vergaderverslag21november.pdf>
Package pdftex.def Info: vergaderverslag21november.pdf  used on input line 263.

(pdftex.def)             Requested size: 597.50682pt x 845.04504pt.
<vergaderverslag21november.pdf, id=559, page=1, 597.50829pt x 845.0471pt>
File: vergaderverslag21november.pdf Graphic file (type pdf)
<use vergaderverslag21november.pdf, page 1>
Package pdftex.def Info: vergaderverslag21november.pdf , page1 used on input li
ne 263.
(pdftex.def)             Requested size: 597.50682pt x 845.04504pt.
File: vergaderverslag21november.pdf Graphic file (type pdf)
<use vergaderverslag21november.pdf, page 1>
Package pdftex.def Info: vergaderverslag21november.pdf , page1 used on input li
ne 263.
(pdftex.def)             Requested size: 597.53416pt x 845.08372pt.
File: vergaderverslag21november.pdf Graphic file (type pdf)
<use vergaderverslag21november.pdf, page 1>
Package pdftex.def Info: vergaderverslag21november.pdf , page1 used on input li
ne 263.
(pdftex.def)             Requested size: 597.53416pt x 845.08372pt.
File: vergaderverslag21november.pdf Graphic file (type pdf)
<use vergaderverslag21november.pdf, page 1>
Package pdftex.def Info: vergaderverslag21november.pdf , page1 used on input li
ne 263.
(pdftex.def)             Requested size: 597.53416pt x 845.08372pt.
File: vergaderverslag21november.pdf Graphic file (type pdf)
<use vergaderverslag21november.pdf, page 1>
Package pdftex.def Info: vergaderverslag21november.pdf , page1 used on input li
ne 263.
(pdftex.def)             Requested size: 597.53416pt x 845.08372pt.
 [29 <./vergaderverslag21november.pdf>]
<vergaderverslag28november.pdf, id=599, 597.50829pt x 845.0471pt>
File: vergaderverslag28november.pdf Graphic file (type pdf)
<use vergaderverslag28november.pdf>
Package pdftex.def Info: vergaderverslag28november.pdf  used on input line 264.

(pdftex.def)             Requested size: 597.50682pt x 845.04504pt.
File: vergaderverslag28november.pdf Graphic file (type pdf)
<use vergaderverslag28november.pdf>
Package pdftex.def Info: vergaderverslag28november.pdf  used on input line 264.

(pdftex.def)             Requested size: 597.50682pt x 845.04504pt.
<vergaderverslag28november.pdf, id=602, page=1, 597.50829pt x 845.0471pt>
File: vergaderverslag28november.pdf Graphic file (type pdf)
<use vergaderverslag28november.pdf, page 1>
Package pdftex.def Info: vergaderverslag28november.pdf , page1 used on input li
ne 264.
(pdftex.def)             Requested size: 597.50682pt x 845.04504pt.
File: vergaderverslag28november.pdf Graphic file (type pdf)
<use vergaderverslag28november.pdf, page 1>
Package pdftex.def Info: vergaderverslag28november.pdf , page1 used on input li
ne 264.
(pdftex.def)             Requested size: 597.53416pt x 845.08372pt.
File: vergaderverslag28november.pdf Graphic file (type pdf)
<use vergaderverslag28november.pdf, page 1>
Package pdftex.def Info: vergaderverslag28november.pdf , page1 used on input li
ne 264.
(pdftex.def)             Requested size: 597.53416pt x 845.08372pt.
File: vergaderverslag28november.pdf Graphic file (type pdf)
<use vergaderverslag28november.pdf, page 1>
Package pdftex.def Info: vergaderverslag28november.pdf , page1 used on input li
ne 264.
(pdftex.def)             Requested size: 597.53416pt x 845.08372pt.
File: vergaderverslag28november.pdf Graphic file (type pdf)
<use vergaderverslag28november.pdf, page 1>
Package pdftex.def Info: vergaderverslag28november.pdf , page1 used on input li
ne 264.
(pdftex.def)             Requested size: 597.53416pt x 845.08372pt.
 [30 <./vergaderverslag28november.pdf>] [31

]
<kuleuvenSedes.pdf, id=641, 349.305pt x 596.2275pt>
File: kuleuvenSedes.pdf Graphic file (type pdf)
<use kuleuvenSedes.pdf>
Package pdftex.def Info: kuleuvenSedes.pdf  used on input line 276.
(pdftex.def)             Requested size: 25.00282pt x 42.67912pt.
Package atveryend Info: Empty hook `BeforeClearDocument' on input line 276.
 [32


 <c:/texlive/texmf-local/tex/latex/local/kulak/kuleuvenSedes.pdf>]
Package atveryend Info: Empty hook `AfterLastShipout' on input line 276.

(./tussentijdsVerslagTeamElisaReport.aux)
Package atveryend Info: Executing hook `AtVeryEndDocument' on input line 276.
Package atveryend Info: Executing hook `AtEndAfterFileList' on input line 276.
Package rerunfilecheck Info: File `tussentijdsVerslagTeamElisaReport.out' has n
ot changed.
(rerunfilecheck)             Checksum: FABEBBF5B5074CCCC85962B056755FA6;915.
Package atveryend Info: Empty hook `AtVeryVeryEnd' on input line 276.
 ) 
Here is how much of TeX's memory you used:
 30732 strings out of 492639
 618257 string characters out of 6133088
 644101 words of memory out of 5000000
 34123 multiletter control sequences out of 15000+600000
 541324 words of font info for 56 fonts, out of 8000000 for 9000
 1141 hyphenation exceptions out of 8191
 62i,18n,67p,1363b,1125s stack positions out of 5000i,500n,10000p,200000b,80000s
<c:/texlive/2018/texmf-dist/fonts/type1/public/amsfonts/cm/cmbx10.pfb><c:/tex
live/2018/texmf-dist/fonts/type1/public/amsfonts/cm/cmbx12.pfb><c:/texlive/2018
/texmf-dist/fonts/type1/public/amsfonts/cm/cmbxti10.pfb><c:/texlive/2018/texmf-
dist/fonts/type1/public/amsfonts/cm/cmcsc10.pfb><c:/texlive/2018/texmf-dist/fon
ts/type1/public/amsfonts/cm/cmmi10.pfb><c:/texlive/2018/texmf-dist/fonts/type1/
public/amsfonts/cm/cmr10.pfb><c:/texlive/2018/texmf-dist/fonts/type1/public/ams
fonts/cm/cmr12.pfb><c:/texlive/2018/texmf-dist/fonts/type1/public/amsfonts/cm/c
mr6.pfb><c:/texlive/2018/texmf-dist/fonts/type1/public/amsfonts/cm/cmr7.pfb><c:
/texlive/2018/texmf-dist/fonts/type1/public/amsfonts/cm/cmr8.pfb><c:/texlive/20
18/texmf-dist/fonts/type1/public/amsfonts/cm/cmsl12.pfb><c:/texlive/2018/texmf-
dist/fonts/type1/public/amsfonts/cm/cmsy10.pfb><c:/texlive/2018/texmf-dist/font
s/type1/public/amsfonts/cm/cmsy7.pfb><c:/texlive/2018/texmf-dist/fonts/type1/pu
blic/amsfonts/cm/cmsy8.pfb><c:/texlive/2018/texmf-dist/fonts/type1/public/amsfo
nts/cm/cmti10.pfb><c:/texlive/2018/texmf-dist/fonts/type1/public/amsfonts/cm/cm
ti12.pfb><c:/texlive/2018/texmf-dist/fonts/type1/public/amsfonts/cm/cmtt8.pfb><
c:/texlive/2018/texmf-dist/fonts/type1/public/eurosym/feymr10.pfb><c:/texlive/2
018/texmf-dist/fonts/type1/public/cm-super/sfbx1200.pfb><c:/texlive/2018/texmf-
dist/fonts/type1/public/cm-super/sfbx1440.pfb><c:/texlive/2018/texmf-dist/fonts
/type1/public/cm-super/sfrm0500.pfb><c:/texlive/2018/texmf-dist/fonts/type1/pub
lic/cm-super/sfrm0800.pfb><c:/texlive/2018/texmf-dist/fonts/type1/public/cm-sup
er/sfrm1000.pfb><c:/texlive/2018/texmf-dist/fonts/type1/public/cm-super/sfrm120
0.pfb><c:/texlive/2018/texmf-dist/fonts/type1/public/cm-super/sfti1000.pfb>
Output written on tussentijdsVerslagTeamElisaReport.pdf (32 pages, 5353722 byte
s).
PDF statistics:
 724 PDF objects out of 1000 (max. 8388607)
 578 compressed objects within 6 object streams
 77 named destinations out of 1000 (max. 500000)
 396 words of extra memory for PDF output out of 10000 (max. 10000000)

